Migrating to CreateStudents (20220731202310)
Migrating to CreateEnrollments (20220731202732)
Migrating to CreateBills (20220731203155)
Migrating to CreateStudents (20220731202310)
Migrating to CreateEnrollments (20220731202732)
Migrating to CreateBills (20220731203155)

Bem vindx!


Bem vindx!


Bem vindx!

Started GET "/api/v1/students" for 172.30.0.1 at 2022-08-01 01:11:23 +0000
Processing by Api::V1::StudentsController#index as */*
Completed 200 OK in 261ms (Views: 7.6ms | ActiveRecord: 3.9ms | Allocations: 356224)



Bem vindx!


Bem vindx!


Bem vindx!

Started GET "/api/v1/students" for 172.30.0.1 at 2022-08-01 01:35:34 +0000
Processing by Api::V1::StudentsController#index as */*
Completed 200 OK in 25ms (Views: 22.6ms | ActiveRecord: 5.0ms | Allocations: 8367)


Started GET "/api/v1/students" for 172.30.0.1 at 2022-08-01 01:35:50 +0000
Processing by Api::V1::StudentsController#index as */*
Completed 500 Internal Server Error in 9ms (ActiveRecord: 0.0ms | Allocations: 2872)


  
NameError (uninitialized constant Api::V1::StudentsController::StudentSerializer):
  
app/controllers/api/v1/students_controller.rb:11:in `index'
Started GET "/api/v1/students" for 172.30.0.1 at 2022-08-01 01:35:59 +0000
Processing by Api::V1::StudentsController#index as */*
Completed 500 Internal Server Error in 8ms (ActiveRecord: 0.0ms | Allocations: 2630)


  
NameError (uninitialized constant StudentSerializer):
  
app/controllers/api/v1/students_controller.rb:11:in `index'
Started GET "/api/v1/students" for 172.30.0.1 at 2022-08-01 01:36:48 +0000
Processing by Api::V1::StudentsController#index as */*
[active_model_serializers] Rendered StudentSerializer with ActiveModelSerializers::Adapter::Attributes (4.52ms)
Completed 500 Internal Server Error in 200ms (ActiveRecord: 0.0ms | Allocations: 352999)


  
NoMethodError (undefined method `model_name' for Student::ActiveRecord_Relation:Class
Did you mean?  module_parent):
  
app/controllers/api/v1/students_controller.rb:11:in `index'

Bem vindx!

Started GET "/api/v1/students" for 172.30.0.1 at 2022-08-01 01:41:47 +0000
Processing by Api::V1::StudentsController#index as */*
[active_model_serializers] Rendered StudentSerializer with ActiveModelSerializers::Adapter::Attributes (25.93ms)
Completed 500 Internal Server Error in 31ms (ActiveRecord: 4.1ms | Allocations: 8737)


  
NoMethodError (undefined method `read_attribute_for_serialization' for #<Student::ActiveRecord_Relation:0x00007fd2681c8940>):
  
app/controllers/api/v1/students_controller.rb:11:in `index'
Started GET "/api/v1/students" for 172.30.0.1 at 2022-08-01 01:42:48 +0000
Processing by Api::V1::StudentsController#index as */*
[active_model_serializers] Rendered ActiveModel::Serializer::CollectionSerializer with ActiveModelSerializers::Adapter::Attributes (1.7ms)
Completed 200 OK in 14ms (Views: 8.5ms | ActiveRecord: 3.0ms | Allocations: 5806)


Started GET "/api/v1/students" for 172.30.0.1 at 2022-08-01 01:43:09 +0000
Processing by Api::V1::StudentsController#index as */*
[active_model_serializers] Rendered ActiveModel::Serializer::CollectionSerializer with ActiveModelSerializers::Adapter::Attributes (1.46ms)
Completed 200 OK in 14ms (Views: 8.2ms | ActiveRecord: 3.9ms | Allocations: 5774)


Started GET "/api/v1/students" for 172.30.0.1 at 2022-08-01 01:43:10 +0000
Processing by Api::V1::StudentsController#index as */*
[active_model_serializers] Rendered ActiveModel::Serializer::CollectionSerializer with ActiveModelSerializers::Adapter::Attributes (1.61ms)
Completed 200 OK in 3ms (Views: 2.8ms | ActiveRecord: 0.4ms | Allocations: 1530)


Started GET "/api/v1/students" for 172.30.0.1 at 2022-08-01 01:43:27 +0000
Processing by Api::V1::StudentsController#index as */*
[active_model_serializers] Rendered ActiveModel::Serializer::CollectionSerializer with ActiveModelSerializers::Adapter::Attributes (1.55ms)
Completed 200 OK in 15ms (Views: 9.1ms | ActiveRecord: 3.3ms | Allocations: 5745)


Started GET "/api/v1/students/1" for 172.30.0.1 at 2022-08-01 01:43:29 +0000
Processing by Api::V1::StudentsController#show as */*
  Parameters: {"id"=>"1"}
[active_model_serializers] Rendered StudentSerializer with ActiveModelSerializers::Adapter::Attributes (0.37ms)
Completed 200 OK in 3ms (Views: 0.8ms | ActiveRecord: 0.3ms | Allocations: 740)


Started GET "/api/v1/students/1" for 172.30.0.1 at 2022-08-01 01:43:44 +0000
Processing by Api::V1::StudentsController#show as */*
  Parameters: {"id"=>"1"}
[active_model_serializers] Rendered StudentSerializer with ActiveModelSerializers::Adapter::Attributes (0.34ms)
Completed 200 OK in 12ms (Views: 1.4ms | ActiveRecord: 3.0ms | Allocations: 4846)


Started GET "/api/v1/students/1" for 172.30.0.1 at 2022-08-01 01:43:45 +0000
Processing by Api::V1::StudentsController#show as */*
  Parameters: {"id"=>"1"}
[active_model_serializers] Rendered StudentSerializer with ActiveModelSerializers::Adapter::Attributes (0.29ms)
Completed 200 OK in 2ms (Views: 0.8ms | ActiveRecord: 0.3ms | Allocations: 373)


Started GET "/api/v1/students/1" for 172.30.0.1 at 2022-08-01 01:43:51 +0000
Processing by Api::V1::StudentsController#show as */*
  Parameters: {"id"=>"1"}
[active_model_serializers] Rendered StudentSerializer with ActiveModelSerializers::Adapter::Attributes (0.35ms)
Completed 200 OK in 12ms (Views: 1.2ms | ActiveRecord: 2.9ms | Allocations: 4813)


Started GET "/api/v1/students/1" for 172.30.0.1 at 2022-08-01 01:44:03 +0000
Processing by Api::V1::StudentsController#show as */*
  Parameters: {"id"=>"1"}
[active_model_serializers] Rendered StudentSerializer with ActiveModelSerializers::Adapter::Attributes (0.44ms)
Completed 200 OK in 15ms (Views: 1.8ms | ActiveRecord: 3.1ms | Allocations: 4813)



Bem vindx!

Started GET "/api/v1/enrollments/1" for 172.30.0.1 at 2022-08-01 01:49:36 +0000
Processing by Api::V1::EnrollmentsController#show as */*
  Parameters: {"id"=>"1"}
[active_model_serializers] Rendered EnrollmentSerializer with ActiveModelSerializers::Adapter::Attributes (17.74ms)
Completed 200 OK in 33ms (Views: 15.3ms | ActiveRecord: 7.0ms | Allocations: 12773)


Started GET "/api/v1/bills/1" for 172.30.0.1 at 2022-08-01 01:50:11 +0000
Processing by Api::V1::BillsController#show as */*
  Parameters: {"id"=>"1"}
[active_model_serializers] Rendered BillSerializer with ActiveModelSerializers::Adapter::Attributes (0.37ms)
Completed 200 OK in 3ms (Views: 1.4ms | ActiveRecord: 0.2ms | Allocations: 793)


Started GET "/api/v1/bills" for 172.30.0.1 at 2022-08-01 01:50:14 +0000
Processing by Api::V1::BillsController#index as */*
Completed 500 Internal Server Error in 8ms (ActiveRecord: 0.0ms | Allocations: 3217)


  
NoMethodError (undefined method `page' for #<Class:0x00007fd26811c898>):
  
app/controllers/api/v1/bills_controller.rb:9:in `index'
Started GET "/api/v1/bills" for 172.30.0.1 at 2022-08-01 01:51:38 +0000
Processing by Api::V1::BillsController#index as */*
[active_model_serializers] Rendered ActiveModel::Serializer::CollectionSerializer with ActiveModelSerializers::Adapter::Attributes (10.01ms)
Completed 200 OK in 26ms (Views: 21.0ms | ActiveRecord: 3.4ms | Allocations: 13626)


Started GET "/api/v1/bills" for 172.30.0.1 at 2022-08-01 01:52:14 +0000
Processing by Api::V1::BillsController#index as */*
  Parameters: {"page"=>1, "count"=>5, "bill"=>{}}
Completed 500 Internal Server Error in 11ms (ActiveRecord: 0.0ms | Allocations: 3212)


  
NoMethodError (undefined method `page' for #<Class:0x00007fd26817eae8>):
  
app/controllers/api/v1/bills_controller.rb:11:in `index'

Bem vindx!

Started GET "/api/v1/bills" for 172.30.0.1 at 2022-08-01 01:52:50 +0000
Processing by Api::V1::BillsController#index as */*
  Parameters: {"page"=>1, "count"=>5, "bill"=>{}}
[active_model_serializers] Rendered ActiveModel::Serializer::Null with Hash (9.02ms)
Completed 200 OK in 16ms (Views: 7.4ms | ActiveRecord: 4.3ms | Allocations: 7156)


Started GET "/api/v1/bills" for 172.30.0.1 at 2022-08-01 01:52:59 +0000
Processing by Api::V1::BillsController#index as */*
  Parameters: {"page"=>2, "count"=>5, "bill"=>{}}
[active_model_serializers] Rendered ActiveModel::Serializer::Null with Hash (1.83ms)
Completed 200 OK in 3ms (Views: 1.9ms | ActiveRecord: 0.3ms | Allocations: 973)


Started GET "/api/v1/bills" for 172.30.0.1 at 2022-08-01 01:53:16 +0000
Processing by Api::V1::BillsController#index as */*
  Parameters: {"page"=>2, "count"=>5, "bill"=>{}}
[active_model_serializers] Rendered BillSerializer with Hash (8.38ms)
Completed 200 OK in 10ms (Views: 7.2ms | ActiveRecord: 3.1ms | Allocations: 4080)


Started GET "/api/v1/bills" for 172.30.0.1 at 2022-08-01 01:53:19 +0000
Processing by Api::V1::BillsController#index as */*
  Parameters: {"page"=>2, "count"=>5, "bill"=>{}}
[active_model_serializers] Rendered BillSerializer with Hash (2.34ms)
Completed 200 OK in 3ms (Views: 2.5ms | ActiveRecord: 0.2ms | Allocations: 968)


Started GET "/api/v1/bills" for 172.30.0.1 at 2022-08-01 01:53:20 +0000
Processing by Api::V1::BillsController#index as */*
  Parameters: {"page"=>2, "count"=>5, "bill"=>{}}
[active_model_serializers] Rendered BillSerializer with Hash (1.8ms)
Completed 200 OK in 2ms (Views: 1.8ms | ActiveRecord: 0.3ms | Allocations: 967)


Started GET "/api/v1/bills" for 172.30.0.1 at 2022-08-01 01:53:42 +0000
Processing by Api::V1::BillsController#index as */*
  Parameters: {"page"=>2, "count"=>5, "bill"=>{}}
[active_model_serializers] Rendered ActiveModel::Serializer::Null with Hash (7.1ms)
Completed 200 OK in 8ms (Views: 6.0ms | ActiveRecord: 3.0ms | Allocations: 3769)


Started GET "/api/v1/bills" for 172.30.0.1 at 2022-08-01 02:01:58 +0000
Processing by Api::V1::BillsController#index as */*
  Parameters: {"page"=>2, "count"=>5, "bill"=>{}}
[active_model_serializers] Rendered ActiveModel::Serializer::Null with Hash (0.2ms)
Completed 200 OK in 8ms (Views: 0.7ms | ActiveRecord: 5.0ms | Allocations: 4623)


Started GET "/api/v1/bills" for 172.30.0.1 at 2022-08-01 02:02:04 +0000
Processing by Api::V1::BillsController#index as */*
  Parameters: {"page"=>2, "count"=>5, "bill"=>{}}
[active_model_serializers] Rendered ActiveModel::Serializer::Null with Hash (0.29ms)
Completed 200 OK in 3ms (Views: 0.7ms | ActiveRecord: 0.3ms | Allocations: 873)


Started GET "/api/v1/students" for 172.30.0.1 at 2022-08-01 02:02:08 +0000
Processing by Api::V1::StudentsController#index as */*
  Parameters: {"page"=>2, "count"=>5, "student"=>{}}
[active_model_serializers] Rendered ActiveModel::Serializer::Null with Hash (0.21ms)
Completed 200 OK in 10ms (Views: 0.6ms | ActiveRecord: 4.5ms | Allocations: 3832)


Started GET "/api/v1/enrollments" for 172.30.0.1 at 2022-08-01 02:02:17 +0000
Processing by Api::V1::EnrollmentsController#index as */*
  Parameters: {"page"=>2, "count"=>5, "enrollment"=>{}}
[active_model_serializers] Rendered ActiveModel::Serializer::Null with Hash (13.24ms)
Completed 200 OK in 24ms (Views: 12.2ms | ActiveRecord: 4.5ms | Allocations: 12196)


Started GET "/api/v1/enrollments" for 172.30.0.1 at 2022-08-01 02:02:26 +0000
Processing by Api::V1::EnrollmentsController#index as */*
  Parameters: {"page"=>10, "count"=>5, "enrollment"=>{}}
[active_model_serializers] Rendered ActiveModel::Serializer::Null with Hash (0.07ms)
Completed 200 OK in 2ms (Views: 0.5ms | ActiveRecord: 0.3ms | Allocations: 361)


Started GET "/api/v1/enrollments" for 172.30.0.1 at 2022-08-01 02:02:30 +0000
Processing by Api::V1::EnrollmentsController#index as */*
  Parameters: {"page"=>2, "count"=>5, "enrollment"=>{}}
[active_model_serializers] Rendered ActiveModel::Serializer::Null with Hash (11.44ms)
Completed 200 OK in 14ms (Views: 10.7ms | ActiveRecord: 1.4ms | Allocations: 6954)


Started GET "/api/v1/enrollments" for 172.30.0.1 at 2022-08-01 02:03:45 +0000
Processing by Api::V1::EnrollmentsController#index as */*
  Parameters: {"page"=>2, "count"=>5, "enrollment"=>{}}
[active_model_serializers] Rendered ActiveModel::Serializer::Null with Hash (1.38ms)
Completed 200 OK in 27ms (Views: 1.9ms | ActiveRecord: 7.9ms | Allocations: 13276)


Started GET "/api/v1/enrollments" for 172.30.0.1 at 2022-08-01 02:04:22 +0000
Processing by Api::V1::EnrollmentsController#index as */*
  Parameters: {"page"=>1, "count"=>3, "enrollment"=>{}}
[active_model_serializers] Rendered ActiveModel::Serializer::Null with Hash (0.66ms)
Completed 200 OK in 7ms (Views: 1.0ms | ActiveRecord: 0.9ms | Allocations: 3278)


Started GET "/api/v1/students" for 172.30.0.1 at 2022-08-01 02:04:25 +0000
Processing by Api::V1::StudentsController#index as */*
  Parameters: {"page"=>1, "count"=>3, "student"=>{}}
[active_model_serializers] Rendered ActiveModel::Serializer::Null with Hash (0.16ms)
Completed 200 OK in 9ms (Views: 0.6ms | ActiveRecord: 3.8ms | Allocations: 3460)


Started POST "/api/v1/students" for 172.30.0.1 at 2022-08-01 02:05:03 +0000
Processing by Api::V1::StudentsController#create as */*
  Parameters: {"name"=>"Novo aluno", "cpf"=>"038.347.910-08", "birthdate"=>"23/10/1996", "payment_method"=>"boleto", "student"=>{"name"=>"Novo aluno", "cpf"=>"038.347.910-08", "birthdate"=>"23/10/1996", "payment_method"=>"boleto"}}
[active_model_serializers] Rendered StudentSerializer with ActiveModelSerializers::Adapter::Attributes (0.32ms)
Completed 200 OK in 7ms (Views: 0.8ms | ActiveRecord: 3.1ms | Allocations: 1400)


Started POST "/api/v1/students" for 172.30.0.1 at 2022-08-01 02:05:48 +0000
Processing by Api::V1::StudentsController#create as */*
  Parameters: {"name"=>"Novo aluno", "cpf"=>"038.347.910-08", "birthdate"=>"23/10/1996", "payment_method"=>"boleto", "student"=>{"name"=>"Novo aluno", "cpf"=>"038.347.910-08", "birthdate"=>"23/10/1996", "payment_method"=>"boleto"}}
[active_model_serializers] Rendered ActiveModel::Serializer::Null with Integer (0.04ms)
Completed 200 OK in 11ms (Views: 0.6ms | ActiveRecord: 5.1ms | Allocations: 3821)


Started POST "/api/v1/students" for 172.30.0.1 at 2022-08-01 02:06:07 +0000
Processing by Api::V1::StudentsController#create as */*
  Parameters: {"name"=>"Novo aluno", "cpf"=>"038.347.910-08", "birthdate"=>"23/10/1996", "payment_method"=>"boleto", "student"=>{"name"=>"Novo aluno", "cpf"=>"038.347.910-08", "birthdate"=>"23/10/1996", "payment_method"=>"boleto"}}
[active_model_serializers] Rendered ActiveModel::Serializer::Null with Hash (0.05ms)
Completed 200 OK in 11ms (Views: 0.6ms | ActiveRecord: 5.0ms | Allocations: 3765)


Started GET "/api/v1/enrollments" for 172.30.0.1 at 2022-08-01 02:06:34 +0000
Processing by Api::V1::EnrollmentsController#index as */*
  Parameters: {"name"=>"Novo aluno", "cpf"=>"038.347.910-08", "birthdate"=>"23/10/1996", "payment_method"=>"boleto", "enrollment"=>{}}
[active_model_serializers] Rendered ActiveModel::Serializer::CollectionSerializer with ActiveModelSerializers::Adapter::Attributes (26.26ms)
Completed 200 OK in 35ms (Views: 27.0ms | ActiveRecord: 8.7ms | Allocations: 17204)


Started GET "/api/v1/enrollments" for 172.30.0.1 at 2022-08-01 02:06:38 +0000
Processing by Api::V1::EnrollmentsController#index as */*
  Parameters: {"page"=>1, "count"=>3, "enrollment"=>{}}
[active_model_serializers] Rendered ActiveModel::Serializer::Null with Hash (1.0ms)
Completed 200 OK in 7ms (Views: 1.6ms | ActiveRecord: 0.7ms | Allocations: 3464)


Started POST "/api/v1/enrollments" for 172.30.0.1 at 2022-08-01 02:07:09 +0000
Processing by Api::V1::EnrollmentsController#create as */*
  Parameters: {"amount"=>1200000, "installments"=>3, "due_day"=>5, "student_id"=>1, "enrollment"=>{"student_id"=>1, "installments"=>3, "due_day"=>5, "amount"=>1200000}}
[active_model_serializers] Rendered EnrollmentSerializer with ActiveModelSerializers::Adapter::Attributes (1.34ms)
Completed 200 OK in 33ms (Views: 1.6ms | ActiveRecord: 8.7ms | Allocations: 9281)


Started POST "/api/v1/enrollments" for 172.30.0.1 at 2022-08-01 02:07:52 +0000
Processing by Api::V1::EnrollmentsController#create as */*
  Parameters: {"amount"=>1200000, "installments"=>3, "due_day"=>31, "student_id"=>1, "enrollment"=>{"student_id"=>1, "installments"=>3, "due_day"=>31, "amount"=>1200000}}
[active_model_serializers] Rendered EnrollmentSerializer with ActiveModelSerializers::Adapter::Attributes (1.33ms)
Completed 200 OK in 15ms (Views: 1.6ms | ActiveRecord: 4.6ms | Allocations: 3252)


Migrating to CreateStudents (20220731202310)
Migrating to CreateEnrollments (20220731202732)
Migrating to CreateBills (20220731203155)

Bem vindx!

Migrating to CreateStudents (20220731202310)
Migrating to CreateEnrollments (20220731202732)
Migrating to CreateBills (20220731203155)

Bem vindx!

Migrating to CreateStudents (20220731202310)
Migrating to CreateEnrollments (20220731202732)
Migrating to CreateBills (20220731203155)

Bem vindx!


Bem vindx!

Migrating to CreateStudents (20220731202310)
Migrating to CreateEnrollments (20220731202732)
Migrating to CreateBills (20220731203155)

Bem vindx!

Migrating to CreateStudents (20220731202310)
Migrating to CreateEnrollments (20220731202732)
Migrating to CreateBills (20220731203155)
Started GET "/api/v1/enrollments" for 172.30.0.1 at 2022-08-01 02:20:31 +0000
Processing by Api::V1::EnrollmentsController#index as HTML
[active_model_serializers] Rendered ActiveModel::Serializer::CollectionSerializer with ActiveModelSerializers::Adapter::Attributes (25.5ms)
Completed 200 OK in 222ms (Views: 28.7ms | ActiveRecord: 8.6ms | Allocations: 369863)


Started GET "/api/v1/enrollments" for 172.30.0.1 at 2022-08-01 02:21:22 +0000
Processing by Api::V1::EnrollmentsController#index as HTML
[active_model_serializers] Rendered ActiveModel::Serializer::CollectionSerializer with ActiveModelSerializers::Adapter::Attributes (21.05ms)
Completed 200 OK in 28ms (Views: 21.7ms | ActiveRecord: 4.9ms | Allocations: 7730)


Started GET "/favicon.ico" for 172.30.0.1 at 2022-08-01 02:21:22 +0000
  
ActionController::RoutingError (No route matches [GET] "/favicon.ico"):
  
Started GET "/api/v1/enrollments" for 172.30.0.1 at 2022-08-01 02:21:34 +0000
Processing by Api::V1::EnrollmentsController#index as HTML
[active_model_serializers] Rendered ActiveModel::Serializer::CollectionSerializer with ActiveModelSerializers::Adapter::Attributes (42.41ms)
Completed 200 OK in 46ms (Views: 40.7ms | ActiveRecord: 4.4ms | Allocations: 7730)


Started GET "/api/v1/enrollments" for 172.30.0.1 at 2022-08-01 02:22:34 +0000
Processing by Api::V1::EnrollmentsController#index as HTML
[active_model_serializers] Rendered ActiveModel::Serializer::CollectionSerializer with ActiveModelSerializers::Adapter::Attributes (18.79ms)
Completed 200 OK in 23ms (Views: 19.1ms | ActiveRecord: 3.6ms | Allocations: 7731)


Started GET "/api/v1/students" for 172.30.0.1 at 2022-08-01 02:23:11 +0000
Processing by Api::V1::StudentsController#index as HTML
[active_model_serializers] Rendered ActiveModel::Serializer::CollectionSerializer with ActiveModelSerializers::Adapter::Attributes (1.88ms)
Completed 200 OK in 18ms (Views: 11.4ms | ActiveRecord: 3.9ms | Allocations: 6120)


Started GET "/api/v1/students&page=1&count=2" for 172.30.0.1 at 2022-08-01 02:23:29 +0000
  
ActionController::RoutingError (No route matches [GET] "/api/v1/students&page=1&count=2"):
  
Started GET "/api/v1/students&page=1" for 172.30.0.1 at 2022-08-01 02:23:38 +0000
  
ActionController::RoutingError (No route matches [GET] "/api/v1/students&page=1"):
  
Started GET "/api/v1/students%page=1" for 172.30.0.1 at 2022-08-01 02:24:04 +0000
  
ActionController::RoutingError (No route matches [GET] "/api/v1/students%page=1"):
  
Started GET "/api/v1/students?page=1&count=3" for 172.30.0.1 at 2022-08-01 02:24:31 +0000
Processing by Api::V1::StudentsController#index as HTML
  Parameters: {"page"=>"1", "count"=>"3"}
[active_model_serializers] Rendered ActiveModel::Serializer::Null with Hash (0.21ms)
Completed 200 OK in 18ms (Views: 11.0ms | ActiveRecord: 0.3ms | Allocations: 2428)


Started GET "/api/v1/students?page=1&count=3" for 172.30.0.1 at 2022-08-01 02:24:57 +0000
Processing by Api::V1::StudentsController#index as HTML
  Parameters: {"page"=>"1", "count"=>"3"}
[active_model_serializers] Rendered ActiveModel::Serializer::Null with Hash (0.23ms)
Completed 200 OK in 3ms (Views: 0.7ms | ActiveRecord: 0.3ms | Allocations: 666)


Started GET "/api/v1/enrollments?page=1&count=3" for 172.30.0.1 at 2022-08-01 02:25:25 +0000
Processing by Api::V1::EnrollmentsController#index as HTML
  Parameters: {"page"=>"1", "count"=>"3"}
[active_model_serializers] Rendered ActiveModel::Serializer::Null with Hash (0.6ms)
Completed 200 OK in 8ms (Views: 1.0ms | ActiveRecord: 1.1ms | Allocations: 2472)


Started GET "/api/v1/enrollments?page=1&count=3" for 172.30.0.1 at 2022-08-01 02:26:05 +0000
Processing by Api::V1::EnrollmentsController#index as HTML
  Parameters: {"page"=>"1", "count"=>"3"}
[active_model_serializers] Rendered ActiveModel::Serializer::Null with Hash (0.46ms)
Completed 200 OK in 28ms (Views: 1.1ms | ActiveRecord: 7.1ms | Allocations: 10898)


Started GET "/api/v1/enrollments/1" for 172.30.0.1 at 2022-08-01 02:26:25 +0000
Processing by Api::V1::EnrollmentsController#show as HTML
  Parameters: {"id"=>"1"}
[active_model_serializers] Rendered EnrollmentSerializer with ActiveModelSerializers::Adapter::Attributes (1.79ms)
Completed 200 OK in 5ms (Views: 2.2ms | ActiveRecord: 0.6ms | Allocations: 954)



Bem vindx!


Bem vindx!


Bem vindx!


Bem vindx!


Bem vindx!


Bem vindx!

Started POST "/api/v1/enrollments" for 172.30.0.1 at 2022-08-01 02:43:26 +0000
  
NameError (uninitialized constant Api::V1::EnrollmentsController::Settings):
  
app/controllers/api/v1/enrollments_controller.rb:8:in `<class:EnrollmentsController>'
app/controllers/api/v1/enrollments_controller.rb:5:in `<module:V1>'
app/controllers/api/v1/enrollments_controller.rb:4:in `<module:Api>'
app/controllers/api/v1/enrollments_controller.rb:3:in `<main>'
Started POST "/api/v1/enrollments" for 172.30.0.1 at 2022-08-01 02:43:44 +0000
  
NoMethodError (undefined method `http_basic_authenticate_with' for Api::V1::EnrollmentsController:Class):
  
app/controllers/api/v1/enrollments_controller.rb:8:in `<class:EnrollmentsController>'
app/controllers/api/v1/enrollments_controller.rb:5:in `<module:V1>'
app/controllers/api/v1/enrollments_controller.rb:4:in `<module:Api>'
app/controllers/api/v1/enrollments_controller.rb:3:in `<main>'
Started POST "/api/v1/enrollments" for 172.30.0.1 at 2022-08-01 02:46:25 +0000
  
NoMethodError (undefined method `http_basic_authenticate_with' for Api::V1::EnrollmentsController:Class):
  
app/controllers/api/v1/enrollments_controller.rb:8:in `<class:EnrollmentsController>'
app/controllers/api/v1/enrollments_controller.rb:5:in `<module:V1>'
app/controllers/api/v1/enrollments_controller.rb:4:in `<module:Api>'
app/controllers/api/v1/enrollments_controller.rb:3:in `<main>'
Started POST "/api/v1/enrollments" for 172.30.0.1 at 2022-08-01 02:46:47 +0000
  
NoMethodError (undefined method `http_basic_authenticate_with' for Api::V1::EnrollmentsController:Class):
  
app/controllers/api/v1/enrollments_controller.rb:8:in `<class:EnrollmentsController>'
app/controllers/api/v1/enrollments_controller.rb:5:in `<module:V1>'
app/controllers/api/v1/enrollments_controller.rb:4:in `<module:Api>'
app/controllers/api/v1/enrollments_controller.rb:3:in `<main>'
Started POST "/api/v1/enrollments" for 172.30.0.1 at 2022-08-01 02:46:49 +0000
  
NoMethodError (undefined method `http_basic_authenticate_with' for Api::V1::EnrollmentsController:Class):
  
app/controllers/api/v1/enrollments_controller.rb:8:in `<class:EnrollmentsController>'
app/controllers/api/v1/enrollments_controller.rb:5:in `<module:V1>'
app/controllers/api/v1/enrollments_controller.rb:4:in `<module:Api>'
app/controllers/api/v1/enrollments_controller.rb:3:in `<main>'
Started POST "/api/v1/enrollments" for 172.30.0.1 at 2022-08-01 02:47:02 +0000
  
NoMethodError (undefined method `http_basic_authenticate_with' for Api::V1::EnrollmentsController:Class):
  
app/controllers/api/v1/enrollments_controller.rb:8:in `<class:EnrollmentsController>'
app/controllers/api/v1/enrollments_controller.rb:5:in `<module:V1>'
app/controllers/api/v1/enrollments_controller.rb:4:in `<module:Api>'
app/controllers/api/v1/enrollments_controller.rb:3:in `<main>'
Started POST "/api/v1/enrollments" for 172.30.0.1 at 2022-08-01 02:47:03 +0000
  
NoMethodError (undefined method `http_basic_authenticate_with' for Api::V1::EnrollmentsController:Class):
  
app/controllers/api/v1/enrollments_controller.rb:8:in `<class:EnrollmentsController>'
app/controllers/api/v1/enrollments_controller.rb:5:in `<module:V1>'
app/controllers/api/v1/enrollments_controller.rb:4:in `<module:Api>'
app/controllers/api/v1/enrollments_controller.rb:3:in `<main>'
Started POST "/api/v1/enrollments" for 172.30.0.1 at 2022-08-01 02:48:48 +0000
  
NoMethodError (undefined method `http_basic_authenticate_with' for Class:Class):
  
app/controllers/api/v1/enrollments_controller.rb:8:in `<class:EnrollmentsController>'
app/controllers/api/v1/enrollments_controller.rb:5:in `<module:V1>'
app/controllers/api/v1/enrollments_controller.rb:4:in `<module:Api>'
app/controllers/api/v1/enrollments_controller.rb:3:in `<main>'

Bem vindx!

Started POST "/api/v1/enrollments" for 172.30.0.1 at 2022-08-01 02:50:35 +0000
Processing by Api::V1::EnrollmentsController#create as */*
  Parameters: {"amount"=>1200000, "installments"=>3, "due_day"=>31, "student_id"=>1, "enrollment"=>{"student_id"=>1, "installments"=>3, "due_day"=>31, "amount"=>1200000}}
Completed 500 Internal Server Error in 13ms (ActiveRecord: 1.6ms | Allocations: 1372)


  
NoMethodError (undefined method `http_basic_authenticate_with' for Api::V1::EnrollmentsController:Class):
  
app/controllers/api/v1/enrollments_controller.rb:47:in `authenticate'
Started POST "/api/v1/enrollments" for 172.30.0.1 at 2022-08-01 02:50:39 +0000
Processing by Api::V1::EnrollmentsController#create as */*
  Parameters: {"amount"=>1200000, "installments"=>3, "due_day"=>31, "student_id"=>1, "enrollment"=>{"student_id"=>1, "installments"=>3, "due_day"=>31, "amount"=>1200000}}
Completed 500 Internal Server Error in 13ms (ActiveRecord: 0.0ms | Allocations: 1342)


  
NoMethodError (undefined method `http_basic_authenticate_with' for Api::V1::EnrollmentsController:Class):
  
app/controllers/api/v1/enrollments_controller.rb:47:in `authenticate'
Started POST "/api/v1/enrollments" for 172.30.0.1 at 2022-08-01 02:50:52 +0000
Processing by Api::V1::EnrollmentsController#create as */*
  Parameters: {"amount"=>1200000, "installments"=>3, "due_day"=>31, "student_id"=>1, "enrollment"=>{"student_id"=>1, "installments"=>3, "due_day"=>31, "amount"=>1200000}}
Completed 500 Internal Server Error in 21ms (ActiveRecord: 1.4ms | Allocations: 1892)


  
NoMethodError (undefined method `http_basic_authenticate_with' for #<Api::V1::EnrollmentsController:0x0000000000c4b8>):
  
app/controllers/api/v1/enrollments_controller.rb:47:in `authenticate'
Started POST "/api/v1/enrollments" for 172.30.0.1 at 2022-08-01 02:51:35 +0000
Processing by Api::V1::EnrollmentsController#create as */*
  Parameters: {"amount"=>1200000, "installments"=>3, "due_day"=>31, "student_id"=>1, "enrollment"=>{"student_id"=>1, "installments"=>3, "due_day"=>31, "amount"=>1200000}}
Completed 500 Internal Server Error in 23ms (ActiveRecord: 1.8ms | Allocations: 1944)


  
NoMethodError (undefined method `http_basic_authenticate_with' for #<Api::V1::EnrollmentsController:0x0000000000d8b8>
Did you mean?  http_basic_authenticate_or_request_with):
  
app/controllers/api/v1/enrollments_controller.rb:48:in `authenticate'
Started POST "/api/v1/enrollments" for 172.30.0.1 at 2022-08-01 02:51:47 +0000
Processing by Api::V1::EnrollmentsController#create as */*
  Parameters: {"amount"=>1200000, "installments"=>3, "due_day"=>31, "student_id"=>1, "enrollment"=>{"student_id"=>1, "installments"=>3, "due_day"=>31, "amount"=>1200000}}
[active_model_serializers] Rendered EnrollmentSerializer with ActiveModelSerializers::Adapter::Attributes (3.98ms)
Completed 200 OK in 54ms (Views: 6.1ms | ActiveRecord: 15.1ms | Allocations: 21138)


Started POST "/api/v1/enrollments" for 172.30.0.1 at 2022-08-01 02:51:56 +0000
Processing by Api::V1::EnrollmentsController#create as */*
  Parameters: {"amount"=>1200000, "installments"=>3, "due_day"=>31, "student_id"=>1, "enrollment"=>{"student_id"=>1, "installments"=>3, "due_day"=>31, "amount"=>1200000}}
[active_model_serializers] Rendered EnrollmentSerializer with ActiveModelSerializers::Adapter::Attributes (2.74ms)
Completed 200 OK in 43ms (Views: 3.6ms | ActiveRecord: 13.4ms | Allocations: 14869)


Started POST "/api/v1/enrollments" for 172.30.0.1 at 2022-08-01 02:52:52 +0000
Processing by Api::V1::EnrollmentsController#create as */*
  Parameters: {"amount"=>1200000, "installments"=>3, "due_day"=>31, "student_id"=>1, "enrollment"=>{"student_id"=>1, "installments"=>3, "due_day"=>31, "amount"=>1200000}}
[active_model_serializers] Rendered EnrollmentSerializer with ActiveModelSerializers::Adapter::Attributes (2.36ms)
Completed 200 OK in 42ms (Views: 3.0ms | ActiveRecord: 12.2ms | Allocations: 14841)


Started POST "/api/v1/enrollments" for 172.30.0.1 at 2022-08-01 02:52:55 +0000
Processing by Api::V1::EnrollmentsController#create as */*
  Parameters: {"amount"=>1200000, "installments"=>3, "due_day"=>31, "student_id"=>1, "enrollment"=>{"student_id"=>1, "installments"=>3, "due_day"=>31, "amount"=>1200000}}
Filter chain halted as #<Proc:0x00007f0d0963eb20 /usr/local/bundle/gems/actionpack-6.1.4.1/lib/action_controller/metal/http_authentication.rb:73> rendered or redirected
Completed 401 Unauthorized in 0ms (ActiveRecord: 0.0ms | Allocations: 104)


Started POST "/api/v1/enrollments" for 172.30.0.1 at 2022-08-01 02:52:58 +0000
Processing by Api::V1::EnrollmentsController#create as */*
  Parameters: {"amount"=>1200000, "installments"=>3, "due_day"=>31, "student_id"=>1, "enrollment"=>{"student_id"=>1, "installments"=>3, "due_day"=>31, "amount"=>1200000}}
Filter chain halted as #<Proc:0x00007f0d0963eb20 /usr/local/bundle/gems/actionpack-6.1.4.1/lib/action_controller/metal/http_authentication.rb:73> rendered or redirected
Completed 401 Unauthorized in 0ms (ActiveRecord: 0.0ms | Allocations: 103)


Started POST "/api/v1/enrollments" for 172.30.0.1 at 2022-08-01 02:53:21 +0000
Processing by Api::V1::EnrollmentsController#create as */*
  Parameters: {"amount"=>1200000, "installments"=>3, "due_day"=>31, "student_id"=>1, "enrollment"=>{"student_id"=>1, "installments"=>3, "due_day"=>31, "amount"=>1200000}}
[active_model_serializers] Rendered EnrollmentSerializer with ActiveModelSerializers::Adapter::Attributes (1.48ms)
Completed 200 OK in 13ms (Views: 1.6ms | ActiveRecord: 4.5ms | Allocations: 3411)


Started POST "/api/v1/enrollments" for 172.30.0.1 at 2022-08-01 02:53:24 +0000
Processing by Api::V1::EnrollmentsController#create as */*
  Parameters: {"amount"=>1200000, "installments"=>3, "due_day"=>31, "student_id"=>1, "enrollment"=>{"student_id"=>1, "installments"=>3, "due_day"=>31, "amount"=>1200000}}
Filter chain halted as #<Proc:0x00007f0d0963eb20 /usr/local/bundle/gems/actionpack-6.1.4.1/lib/action_controller/metal/http_authentication.rb:73> rendered or redirected
Completed 401 Unauthorized in 0ms (ActiveRecord: 0.0ms | Allocations: 137)


Started POST "/api/v1/enrollments" for 172.30.0.1 at 2022-08-01 02:53:26 +0000
Processing by Api::V1::EnrollmentsController#create as */*
  Parameters: {"amount"=>1200000, "installments"=>3, "due_day"=>31, "student_id"=>1, "enrollment"=>{"student_id"=>1, "installments"=>3, "due_day"=>31, "amount"=>1200000}}
[active_model_serializers] Rendered EnrollmentSerializer with ActiveModelSerializers::Adapter::Attributes (2.57ms)
Completed 200 OK in 17ms (Views: 2.8ms | ActiveRecord: 4.8ms | Allocations: 3442)


Started POST "/api/v1/enrollments" for 172.30.0.1 at 2022-08-01 02:53:33 +0000
Processing by Api::V1::EnrollmentsController#create as */*
  Parameters: {"amount"=>1200000, "installments"=>3, "due_day"=>32, "student_id"=>1, "enrollment"=>{"student_id"=>1, "installments"=>3, "due_day"=>32, "amount"=>1200000}}
[active_model_serializers] Rendered ActiveModel::Serializer::Null with Hash (1.0ms)
Completed 400 Bad Request in 11ms (Views: 8.1ms | ActiveRecord: 0.4ms | Allocations: 3208)


Started POST "/api/v1/enrollments" for 172.30.0.1 at 2022-08-01 02:53:44 +0000
Processing by Api::V1::EnrollmentsController#create as */*
  Parameters: {"amount"=>1200000, "installments"=>0, "due_day"=>31, "student_id"=>1, "enrollment"=>{"student_id"=>1, "installments"=>0, "due_day"=>31, "amount"=>1200000}}
[active_model_serializers] Rendered ActiveModel::Serializer::Null with Hash (0.41ms)
Completed 400 Bad Request in 4ms (Views: 0.8ms | ActiveRecord: 0.5ms | Allocations: 1414)


Started POST "/api/v1/enrollments" for 172.30.0.1 at 2022-08-01 02:53:49 +0000
Processing by Api::V1::EnrollmentsController#create as */*
  Parameters: {"amount"=>0, "installments"=>0, "due_day"=>31, "student_id"=>1, "enrollment"=>{"student_id"=>1, "installments"=>0, "due_day"=>31, "amount"=>0}}
[active_model_serializers] Rendered ActiveModel::Serializer::Null with Hash (0.65ms)
Completed 400 Bad Request in 4ms (Views: 1.0ms | ActiveRecord: 0.6ms | Allocations: 1646)


Started GET "/api/v1/enrollments/8888" for 172.30.0.1 at 2022-08-01 02:53:59 +0000
Processing by Api::V1::EnrollmentsController#show as */*
  Parameters: {"amount"=>0, "installments"=>0, "due_day"=>31, "student_id"=>1, "id"=>"8888", "enrollment"=>{"student_id"=>1, "installments"=>0, "due_day"=>31, "amount"=>0}}
[active_model_serializers] Rendered ActiveModel::Serializer::Null with Hash (0.05ms)
Completed 404 Not Found in 2ms (Views: 0.4ms | ActiveRecord: 0.2ms | Allocations: 693)


Started DELETE "/api/v1/enrollments/1" for 172.30.0.1 at 2022-08-01 02:54:06 +0000
Processing by Api::V1::EnrollmentsController#destroy as */*
  Parameters: {"amount"=>0, "installments"=>0, "due_day"=>31, "student_id"=>1, "id"=>"1", "enrollment"=>{"student_id"=>1, "installments"=>0, "due_day"=>31, "amount"=>0}}
[active_model_serializers] Rendered ActiveModel::Serializer::Null with Hash (0.03ms)
Completed 204 No Content in 6ms (Views: 0.4ms | ActiveRecord: 3.1ms | Allocations: 1055)


Started GET "/api/v1/enrollments/1" for 172.30.0.1 at 2022-08-01 02:54:18 +0000
Processing by Api::V1::EnrollmentsController#show as */*
  Parameters: {"amount"=>0, "installments"=>0, "due_day"=>31, "student_id"=>1, "id"=>"1", "enrollment"=>{"student_id"=>1, "installments"=>0, "due_day"=>31, "amount"=>0}}
[active_model_serializers] Rendered ActiveModel::Serializer::Null with Hash (0.05ms)
Completed 404 Not Found in 2ms (Views: 0.4ms | ActiveRecord: 0.2ms | Allocations: 488)


Started GET "/api/v1/enrollments/2" for 172.30.0.1 at 2022-08-01 02:54:20 +0000
Processing by Api::V1::EnrollmentsController#show as */*
  Parameters: {"amount"=>0, "installments"=>0, "due_day"=>31, "student_id"=>1, "id"=>"2", "enrollment"=>{"student_id"=>1, "installments"=>0, "due_day"=>31, "amount"=>0}}
[active_model_serializers] Rendered EnrollmentSerializer with ActiveModelSerializers::Adapter::Attributes (1.43ms)
Completed 200 OK in 3ms (Views: 1.6ms | ActiveRecord: 0.5ms | Allocations: 1223)


Started POST "/api/v1/enrollments" for 172.30.0.1 at 2022-08-01 02:54:28 +0000
Processing by Api::V1::EnrollmentsController#create as */*
  Parameters: {"amount"=>0, "installments"=>0, "due_day"=>31, "student_id"=>1, "enrollment"=>{"student_id"=>1, "installments"=>0, "due_day"=>31, "amount"=>0}}
[active_model_serializers] Rendered ActiveModel::Serializer::Null with Hash (0.55ms)
Completed 400 Bad Request in 4ms (Views: 0.9ms | ActiveRecord: 0.4ms | Allocations: 1539)


Started POST "/api/v1/enrollments" for 172.30.0.1 at 2022-08-01 02:54:34 +0000
Processing by Api::V1::EnrollmentsController#create as */*
  Parameters: {"amount"=>0, "installments"=>0, "due_day"=>31, "student_id"=>1, "enrollment"=>{"student_id"=>1, "installments"=>0, "due_day"=>31, "amount"=>0}}
Filter chain halted as #<Proc:0x00007f0d0963eb20 /usr/local/bundle/gems/actionpack-6.1.4.1/lib/action_controller/metal/http_authentication.rb:73> rendered or redirected
Completed 401 Unauthorized in 0ms (ActiveRecord: 0.0ms | Allocations: 191)


Started POST "/api/v1/enrollments" for 172.30.0.1 at 2022-08-01 02:57:12 +0000
Processing by Api::V1::EnrollmentsController#create as */*
  Parameters: {"amount"=>0, "installments"=>0, "due_day"=>31, "student_id"=>1, "enrollment"=>{"student_id"=>1, "installments"=>0, "due_day"=>31, "amount"=>0}}
Completed 500 Internal Server Error in 25ms (ActiveRecord: 1.4ms | Allocations: 1951)


  
NoMethodError (undefined method `http_basic_authenticate_with' for #<Api::V1::EnrollmentsController:0x00000000013880>
Did you mean?  http_basic_authenticate_or_request_with):
  
app/controllers/api/v1/enrollments_controller.rb:45:in `authenticate'
Started POST "/api/v1/enrollments" for 172.30.0.1 at 2022-08-01 02:57:15 +0000
Processing by Api::V1::EnrollmentsController#create as */*
  Parameters: {"amount"=>0, "installments"=>0, "due_day"=>31, "student_id"=>1, "enrollment"=>{"student_id"=>1, "installments"=>0, "due_day"=>31, "amount"=>0}}
[active_model_serializers] Rendered ActiveModel::Serializer::Null with Hash (0.8ms)
Completed 400 Bad Request in 22ms (Views: 1.5ms | ActiveRecord: 6.2ms | Allocations: 8374)


Started POST "/api/v1/enrollments" for 172.30.0.1 at 2022-08-01 02:58:32 +0000
Processing by Api::V1::EnrollmentsController#create as */*
  Parameters: {"amount"=>0, "installments"=>0, "due_day"=>31, "student_id"=>1, "enrollment"=>{"student_id"=>1, "installments"=>0, "due_day"=>31, "amount"=>0}}
[active_model_serializers] Rendered ActiveModel::Serializer::Null with Hash (0.78ms)
Completed 400 Bad Request in 21ms (Views: 1.4ms | ActiveRecord: 5.8ms | Allocations: 8342)



Bem vindx!

Started GET "/api/v1/students" for 172.30.0.1 at 2022-08-07 00:19:47 +0000
Processing by Api::V1::StudentsController#index as HTML
[active_model_serializers] Rendered ActiveModel::Serializer::CollectionSerializer with ActiveModelSerializers::Adapter::Attributes (2.84ms)
Completed 200 OK in 225ms (Views: 18.8ms | ActiveRecord: 7.0ms | Allocations: 356914)


Started GET "/api/v1/students" for 172.30.0.1 at 2022-08-07 00:19:48 +0000
Processing by Api::V1::StudentsController#index as HTML
[active_model_serializers] Rendered ActiveModel::Serializer::CollectionSerializer with ActiveModelSerializers::Adapter::Attributes (2.78ms)
Completed 200 OK in 7ms (Views: 5.6ms | ActiveRecord: 0.4ms | Allocations: 1686)


Started GET "/api/v1/students" for 172.30.0.1 at 2022-08-07 02:29:57 +0000
Processing by Api::V1::StudentsController#index as HTML
[active_model_serializers] Rendered ActiveModel::Serializer::CollectionSerializer with ActiveModelSerializers::Adapter::Attributes (1.85ms)
Completed 200 OK in 325ms (Views: 13.0ms | ActiveRecord: 4.9ms | Allocations: 356872)


Started GET "/api/v1/students" for 172.30.0.1 at 2022-08-07 02:41:53 +0000
Processing by Api::V1::StudentsController#index as HTML
[active_model_serializers] Rendered ActiveModel::Serializer::CollectionSerializer with ActiveModelSerializers::Adapter::Attributes (1.93ms)
Completed 200 OK in 33ms (Views: 32.8ms | ActiveRecord: 9.4ms | Allocations: 4830)


Started GET "/api/v1/students" for 172.30.0.1 at 2022-08-07 02:42:45 +0000
Processing by Api::V1::StudentsController#index as HTML
[active_model_serializers] Rendered ActiveModel::Serializer::CollectionSerializer with ActiveModelSerializers::Adapter::Attributes (3.27ms)
Completed 200 OK in 8ms (Views: 6.8ms | ActiveRecord: 0.5ms | Allocations: 1686)


Started GET "/api/v1/students" for 172.30.0.1 at 2022-08-07 02:42:46 +0000
Processing by Api::V1::StudentsController#index as HTML
[active_model_serializers] Rendered ActiveModel::Serializer::CollectionSerializer with ActiveModelSerializers::Adapter::Attributes (2.22ms)
Completed 200 OK in 6ms (Views: 5.0ms | ActiveRecord: 0.6ms | Allocations: 1686)


Started GET "/api/v1/students" for 172.30.0.1 at 2022-08-07 02:47:48 +0000
Processing by Api::V1::StudentsController#index as HTML
[active_model_serializers] Rendered ActiveModel::Serializer::CollectionSerializer with ActiveModelSerializers::Adapter::Attributes (3.75ms)
Completed 200 OK in 8ms (Views: 6.7ms | ActiveRecord: 0.6ms | Allocations: 1686)


Started GET "/api/v1/students" for 172.30.0.1 at 2022-08-07 02:55:25 +0000
Processing by Api::V1::StudentsController#index as HTML
[active_model_serializers] Rendered ActiveModel::Serializer::CollectionSerializer with ActiveModelSerializers::Adapter::Attributes (2.23ms)
Completed 200 OK in 27ms (Views: 26.4ms | ActiveRecord: 8.9ms | Allocations: 4769)


Started GET "/api/v1/students" for 172.30.0.1 at 2022-08-07 02:55:26 +0000
Processing by Api::V1::StudentsController#index as HTML
[active_model_serializers] Rendered ActiveModel::Serializer::CollectionSerializer with ActiveModelSerializers::Adapter::Attributes (1.99ms)
Completed 200 OK in 5ms (Views: 4.3ms | ActiveRecord: 0.4ms | Allocations: 1663)


Started GET "/api/v1/students" for 172.30.0.1 at 2022-08-07 03:02:43 +0000
Processing by Api::V1::StudentsController#index as HTML
[active_model_serializers] Rendered ActiveModel::Serializer::CollectionSerializer with ActiveModelSerializers::Adapter::Attributes (2.71ms)
Completed 200 OK in 33ms (Views: 32.3ms | ActiveRecord: 9.3ms | Allocations: 4769)


Started GET "/api/v1/students" for 172.30.0.1 at 2022-08-07 03:10:36 +0000
Processing by Api::V1::StudentsController#index as HTML
[active_model_serializers] Rendered ActiveModel::Serializer::CollectionSerializer with ActiveModelSerializers::Adapter::Attributes (3.07ms)
Completed 200 OK in 32ms (Views: 31.8ms | ActiveRecord: 10.3ms | Allocations: 4769)


Started GET "/api/v1/students" for 172.30.0.1 at 2022-08-07 03:14:24 +0000
Processing by Api::V1::StudentsController#index as HTML
[active_model_serializers] Rendered ActiveModel::Serializer::CollectionSerializer with ActiveModelSerializers::Adapter::Attributes (2.5ms)
Completed 200 OK in 5ms (Views: 4.5ms | ActiveRecord: 0.4ms | Allocations: 1663)


Started GET "/api/v1/students" for 172.30.0.1 at 2022-08-07 03:14:43 +0000
Processing by Api::V1::StudentsController#index as HTML
[active_model_serializers] Rendered ActiveModel::Serializer::CollectionSerializer with ActiveModelSerializers::Adapter::Attributes (2.3ms)
Completed 200 OK in 5ms (Views: 4.4ms | ActiveRecord: 0.3ms | Allocations: 1663)


Started GET "/api/v1/students" for 172.30.0.1 at 2022-08-07 03:14:49 +0000
Processing by Api::V1::StudentsController#index as HTML
[active_model_serializers] Rendered ActiveModel::Serializer::CollectionSerializer with ActiveModelSerializers::Adapter::Attributes (2.87ms)
Completed 200 OK in 6ms (Views: 5.5ms | ActiveRecord: 0.3ms | Allocations: 1663)


Started GET "/api/v1/students" for 172.30.0.1 at 2022-08-07 03:16:48 +0000
Processing by Api::V1::StudentsController#index as HTML
[active_model_serializers] Rendered ActiveModel::Serializer::CollectionSerializer with ActiveModelSerializers::Adapter::Attributes (2.48ms)
Completed 200 OK in 5ms (Views: 4.4ms | ActiveRecord: 0.4ms | Allocations: 1663)


Started GET "/api/v1/students" for 172.30.0.1 at 2022-08-07 03:16:53 +0000
Processing by Api::V1::StudentsController#index as HTML
[active_model_serializers] Rendered ActiveModel::Serializer::CollectionSerializer with ActiveModelSerializers::Adapter::Attributes (2.52ms)
Completed 200 OK in 6ms (Views: 4.8ms | ActiveRecord: 0.4ms | Allocations: 1663)


Started GET "/api/v1/students" for 172.30.0.1 at 2022-08-07 03:17:02 +0000
Processing by Api::V1::StudentsController#index as HTML
[active_model_serializers] Rendered ActiveModel::Serializer::CollectionSerializer with ActiveModelSerializers::Adapter::Attributes (2.32ms)
Completed 200 OK in 6ms (Views: 5.2ms | ActiveRecord: 0.5ms | Allocations: 1663)


Started GET "/api/v1/students" for 172.30.0.1 at 2022-08-07 03:18:19 +0000
Processing by Api::V1::StudentsController#index as HTML
[active_model_serializers] Rendered ActiveModel::Serializer::CollectionSerializer with ActiveModelSerializers::Adapter::Attributes (2.12ms)
Completed 200 OK in 5ms (Views: 4.1ms | ActiveRecord: 0.6ms | Allocations: 1663)


Started GET "/api/v1/students" for 172.30.0.1 at 2022-08-07 03:18:24 +0000
Processing by Api::V1::StudentsController#index as HTML
[active_model_serializers] Rendered ActiveModel::Serializer::CollectionSerializer with ActiveModelSerializers::Adapter::Attributes (2.06ms)
Completed 200 OK in 5ms (Views: 4.0ms | ActiveRecord: 0.4ms | Allocations: 1663)


Started GET "/api/v1/students" for 172.30.0.1 at 2022-08-07 03:18:25 +0000
Processing by Api::V1::StudentsController#index as HTML
[active_model_serializers] Rendered ActiveModel::Serializer::CollectionSerializer with ActiveModelSerializers::Adapter::Attributes (2.26ms)
Completed 200 OK in 5ms (Views: 4.3ms | ActiveRecord: 0.3ms | Allocations: 1663)


Started GET "/api/v1/students" for 172.30.0.1 at 2022-08-07 03:18:32 +0000
Processing by Api::V1::StudentsController#index as HTML
[active_model_serializers] Rendered ActiveModel::Serializer::CollectionSerializer with ActiveModelSerializers::Adapter::Attributes (2.07ms)
Completed 200 OK in 5ms (Views: 4.5ms | ActiveRecord: 0.4ms | Allocations: 1663)


Started GET "/api/v1/students" for 172.30.0.1 at 2022-08-07 03:18:33 +0000
Processing by Api::V1::StudentsController#index as HTML
[active_model_serializers] Rendered ActiveModel::Serializer::CollectionSerializer with ActiveModelSerializers::Adapter::Attributes (2.11ms)
Completed 200 OK in 5ms (Views: 4.0ms | ActiveRecord: 0.4ms | Allocations: 1663)


Started GET "/api/v1/students" for 172.30.0.1 at 2022-08-07 03:20:56 +0000
Processing by Api::V1::StudentsController#index as HTML
[active_model_serializers] Rendered ActiveModel::Serializer::CollectionSerializer with ActiveModelSerializers::Adapter::Attributes (2.15ms)
Completed 200 OK in 5ms (Views: 4.2ms | ActiveRecord: 0.4ms | Allocations: 1663)


Started GET "/api/v1/students" for 172.30.0.1 at 2022-08-07 03:20:57 +0000
Processing by Api::V1::StudentsController#index as HTML
[active_model_serializers] Rendered ActiveModel::Serializer::CollectionSerializer with ActiveModelSerializers::Adapter::Attributes (2.31ms)
Completed 200 OK in 5ms (Views: 4.2ms | ActiveRecord: 0.3ms | Allocations: 1663)


Started GET "/api/v1/students" for 172.30.0.1 at 2022-08-07 03:20:59 +0000
Processing by Api::V1::StudentsController#index as HTML
[active_model_serializers] Rendered ActiveModel::Serializer::CollectionSerializer with ActiveModelSerializers::Adapter::Attributes (2.29ms)
Completed 200 OK in 5ms (Views: 4.3ms | ActiveRecord: 0.5ms | Allocations: 1663)


Started GET "/api/v1/students" for 172.30.0.1 at 2022-08-07 03:21:06 +0000
Processing by Api::V1::StudentsController#index as HTML
[active_model_serializers] Rendered ActiveModel::Serializer::CollectionSerializer with ActiveModelSerializers::Adapter::Attributes (2.31ms)
Completed 200 OK in 6ms (Views: 4.6ms | ActiveRecord: 0.5ms | Allocations: 1663)


Started GET "/api/v1/students" for 172.30.0.1 at 2022-08-07 03:21:07 +0000
Processing by Api::V1::StudentsController#index as HTML
[active_model_serializers] Rendered ActiveModel::Serializer::CollectionSerializer with ActiveModelSerializers::Adapter::Attributes (2.37ms)
Completed 200 OK in 5ms (Views: 4.4ms | ActiveRecord: 0.3ms | Allocations: 1663)


Started GET "/api/v1/students" for 172.30.0.1 at 2022-08-07 03:21:19 +0000
Processing by Api::V1::StudentsController#index as HTML
[active_model_serializers] Rendered ActiveModel::Serializer::CollectionSerializer with ActiveModelSerializers::Adapter::Attributes (2.24ms)
Completed 200 OK in 5ms (Views: 4.1ms | ActiveRecord: 0.4ms | Allocations: 1663)


Started GET "/api/v1/students" for 172.30.0.1 at 2022-08-07 03:21:20 +0000
Processing by Api::V1::StudentsController#index as HTML
[active_model_serializers] Rendered ActiveModel::Serializer::CollectionSerializer with ActiveModelSerializers::Adapter::Attributes (1.69ms)
Completed 200 OK in 4ms (Views: 3.7ms | ActiveRecord: 0.4ms | Allocations: 1663)


Started GET "/api/v1/students" for 172.30.0.1 at 2022-08-07 03:25:18 +0000
Processing by Api::V1::StudentsController#index as HTML
[active_model_serializers] Rendered ActiveModel::Serializer::CollectionSerializer with ActiveModelSerializers::Adapter::Attributes (2.18ms)
Completed 200 OK in 5ms (Views: 4.1ms | ActiveRecord: 0.4ms | Allocations: 1663)


Started GET "/api/v1/students" for 172.30.0.1 at 2022-08-07 03:28:29 +0000
Processing by Api::V1::StudentsController#index as HTML
[active_model_serializers] Rendered ActiveModel::Serializer::CollectionSerializer with ActiveModelSerializers::Adapter::Attributes (2.29ms)
Completed 200 OK in 5ms (Views: 4.3ms | ActiveRecord: 0.3ms | Allocations: 1663)


Started GET "/" for 172.30.0.1 at 2022-08-07 17:12:58 +0000
Processing by Rails::WelcomeController#index as HTML
  Rendered /usr/local/bundle/gems/railties-6.1.4.1/lib/rails/templates/rails/welcome/index.html.erb (Duration: 7.8ms | Allocations: 294)
Completed 200 OK in 18ms (Views: 9.8ms | ActiveRecord: 0.0ms | Allocations: 2683)


Started GET "/api/v1/students" for 172.30.0.1 at 2022-08-07 17:13:02 +0000
Processing by Api::V1::StudentsController#index as HTML
[active_model_serializers] Rendered ActiveModel::Serializer::CollectionSerializer with ActiveModelSerializers::Adapter::Attributes (2.05ms)
Completed 200 OK in 7ms (Views: 6.0ms | ActiveRecord: 0.4ms | Allocations: 1683)


Started GET "/api/v1/students" for 172.30.0.1 at 2022-08-14 18:25:24 +0000
Processing by Api::V1::StudentsController#index as HTML
[active_model_serializers] Rendered ActiveModel::Serializer::CollectionSerializer with ActiveModelSerializers::Adapter::Attributes (1.65ms)
Completed 200 OK in 267ms (Views: 16.5ms | ActiveRecord: 7.1ms | Allocations: 356919)


Started GET "/api/v1/students" for 172.30.0.1 at 2022-08-14 18:44:04 +0000
Processing by Api::V1::StudentsController#index as HTML
[active_model_serializers] Rendered ActiveModel::Serializer::CollectionSerializer with ActiveModelSerializers::Adapter::Attributes (3.46ms)
Completed 200 OK in 36ms (Views: 35.7ms | ActiveRecord: 11.6ms | Allocations: 4830)


Started GET "/api/v1/enrollments" for 172.30.0.1 at 2022-08-14 18:44:23 +0000
Processing by Api::V1::EnrollmentsController#index as HTML
[active_model_serializers] Rendered ActiveModel::Serializer::CollectionSerializer with ActiveModelSerializers::Adapter::Attributes (72.08ms)
Completed 200 OK in 119ms (Views: 81.5ms | ActiveRecord: 30.4ms | Allocations: 21280)


Started GET "/api/v1/enrollments" for 172.30.0.1 at 2022-08-14 18:44:25 +0000
Processing by Api::V1::EnrollmentsController#index as HTML
[active_model_serializers] Rendered ActiveModel::Serializer::CollectionSerializer with ActiveModelSerializers::Adapter::Attributes (48.31ms)
Completed 200 OK in 54ms (Views: 43.7ms | ActiveRecord: 9.8ms | Allocations: 9953)


Started GET "/api/v1/enrollments" for 172.30.0.1 at 2022-08-14 18:44:47 +0000
Processing by Api::V1::EnrollmentsController#index as HTML
[active_model_serializers] Rendered ActiveModel::Serializer::CollectionSerializer with ActiveModelSerializers::Adapter::Attributes (42.73ms)
Completed 200 OK in 47ms (Views: 38.7ms | ActiveRecord: 7.4ms | Allocations: 9952)


Started GET "/api/v1/enrollments" for 172.30.0.1 at 2022-08-14 18:47:04 +0000
Processing by Api::V1::EnrollmentsController#index as HTML
[active_model_serializers] Rendered ActiveModel::Serializer::CollectionSerializer with ActiveModelSerializers::Adapter::Attributes (118.45ms)
Completed 200 OK in 144ms (Views: 106.8ms | ActiveRecord: 32.7ms | Allocations: 25480)


Started GET "/api/v1/bills" for 172.30.0.1 at 2022-08-14 18:48:12 +0000
Processing by Api::V1::BillsController#index as HTML
[active_model_serializers] Rendered ActiveModel::Serializer::CollectionSerializer with ActiveModelSerializers::Adapter::Attributes (16.98ms)
Completed 200 OK in 24ms (Views: 23.2ms | ActiveRecord: 0.5ms | Allocations: 7548)


Started GET "/api/v1/bills" for 172.30.0.1 at 2022-08-14 18:48:15 +0000
Processing by Api::V1::BillsController#index as HTML
[active_model_serializers] Rendered ActiveModel::Serializer::CollectionSerializer with ActiveModelSerializers::Adapter::Attributes (13.28ms)
Completed 200 OK in 20ms (Views: 18.9ms | ActiveRecord: 0.4ms | Allocations: 7421)


Started GET "/api/v1/bills" for 172.30.0.1 at 2022-08-14 18:49:09 +0000
Processing by Api::V1::BillsController#index as HTML
[active_model_serializers] Rendered ActiveModel::Serializer::CollectionSerializer with ActiveModelSerializers::Adapter::Attributes (170.67ms)
Completed 200 OK in 206ms (Views: 166.5ms | ActiveRecord: 34.7ms | Allocations: 39542)


Started GET "/api/v1/enrollments" for 172.30.0.1 at 2022-08-14 18:49:43 +0000
Started GET "/api/v1/students" for 172.30.0.1 at 2022-08-14 18:49:43 +0000
Started GET "/api/v1/bills" for 172.30.0.1 at 2022-08-14 18:49:43 +0000
Processing by Api::V1::StudentsController#index as HTML
Processing by Api::V1::BillsController#index as HTML
[active_model_serializers] Rendered ActiveModel::Serializer::CollectionSerializer with ActiveModelSerializers::Adapter::Attributes (2.45ms)
Completed 200 OK in 10ms (Views: 6.7ms | ActiveRecord: 2.9ms | Allocations: 2721)


Processing by Api::V1::EnrollmentsController#index as HTML
[active_model_serializers] Rendered ActiveModel::Serializer::CollectionSerializer with ActiveModelSerializers::Adapter::Attributes (93.33ms)
Completed 200 OK in 98ms (Views: 36.8ms | ActiveRecord: 60.3ms | Allocations: 33459)


[active_model_serializers] Rendered ActiveModel::Serializer::CollectionSerializer with ActiveModelSerializers::Adapter::Attributes (111.93ms)
Completed 200 OK in 179ms (Views: 127.7ms | ActiveRecord: 50.6ms | Allocations: 48137)


Started GET "/api/v1/students" for 172.30.0.1 at 2022-08-14 18:50:16 +0000
Started GET "/api/v1/enrollments" for 172.30.0.1 at 2022-08-14 18:50:16 +0000
Started GET "/api/v1/bills" for 172.30.0.1 at 2022-08-14 18:50:16 +0000
Processing by Api::V1::EnrollmentsController#index as HTML
Processing by Api::V1::StudentsController#index as HTML
Processing by Api::V1::BillsController#index as HTML
[active_model_serializers] Rendered ActiveModel::Serializer::CollectionSerializer with ActiveModelSerializers::Adapter::Attributes (2.77ms)
Completed 200 OK in 14ms (Views: 10.5ms | ActiveRecord: 2.6ms | Allocations: 3490)


[active_model_serializers] Rendered ActiveModel::Serializer::CollectionSerializer with ActiveModelSerializers::Adapter::Attributes (125.93ms)
Completed 200 OK in 145ms (Views: 82.0ms | ActiveRecord: 62.5ms | Allocations: 27467)


[active_model_serializers] Rendered ActiveModel::Serializer::CollectionSerializer with ActiveModelSerializers::Adapter::Attributes (178.01ms)
Completed 200 OK in 236ms (Views: 161.0ms | ActiveRecord: 75.0ms | Allocations: 45619)


Started GET "/api/v1/students" for 172.30.0.1 at 2022-08-14 18:50:58 +0000
Processing by Api::V1::StudentsController#index as HTML
Started GET "/api/v1/enrollments" for 172.30.0.1 at 2022-08-14 18:50:58 +0000
Processing by Api::V1::EnrollmentsController#index as HTML
[active_model_serializers] Rendered ActiveModel::Serializer::CollectionSerializer with ActiveModelSerializers::Adapter::Attributes (3.94ms)
Completed 200 OK in 13ms (Views: 11.2ms | ActiveRecord: 1.2ms | Allocations: 2484)


[active_model_serializers] Rendered ActiveModel::Serializer::CollectionSerializer with ActiveModelSerializers::Adapter::Attributes (61.92ms)
Completed 200 OK in 69ms (Views: 56.7ms | ActiveRecord: 11.8ms | Allocations: 13683)


Started GET "/api/v1/students" for 172.30.0.1 at 2022-08-14 18:52:15 +0000
Started GET "/api/v1/bills" for 172.30.0.1 at 2022-08-14 18:52:15 +0000
Started GET "/api/v1/enrollments" for 172.30.0.1 at 2022-08-14 18:52:15 +0000
Processing by Api::V1::BillsController#index as HTML
Processing by Api::V1::StudentsController#index as HTML
Processing by Api::V1::EnrollmentsController#index as HTML
[active_model_serializers] Rendered ActiveModel::Serializer::CollectionSerializer with ActiveModelSerializers::Adapter::Attributes (2.71ms)
Completed 200 OK in 14ms (Views: 13.1ms | ActiveRecord: 0.9ms | Allocations: 5464)


[active_model_serializers] Rendered ActiveModel::Serializer::CollectionSerializer with ActiveModelSerializers::Adapter::Attributes (136.42ms)
[active_model_serializers] Rendered ActiveModel::Serializer::CollectionSerializer with ActiveModelSerializers::Adapter::Attributes (156.55ms)
Completed 200 OK in 165ms (Views: 61.1ms | ActiveRecord: 103.8ms | Allocations: 42105)


Completed 200 OK in 169ms (Views: 105.5ms | ActiveRecord: 63.2ms | Allocations: 42784)



Bem vindx!

Migrating to CreateStudents (20220731202310)
Migrating to CreateEnrollments (20220731202732)
Migrating to CreateBills (20220731203155)

Bem vindx!

